CustomerApp/build/app/outputs/mapping/release/mapping.txt
# compiler: R8
# compiler_version: 2.1.75
# min_api: 23
# pg_map_id: 5f6797d
# common_typos_disable
com.plug.delivery.app.-$$Lambda$MainActivity$tvb7splU41KPJwJKUlrsZmE1R8U -> com.plug.delivery.app.a:
    com.plug.delivery.app.MainActivity f$0 -> g
com.plug.delivery.app.MainActivity -> com.plug.delivery.app.MainActivity:
    java.lang.String CHANNEL -> j
    void configureFlutterEngine$lambda-0(com.plug.delivery.app.MainActivity,io.flutter.plugin.common.MethodCall,io.flutter.plugin.common.MethodChannel$Result) -> H
    void deleteNotificationChannel(java.lang.String) -> I
    java.util.List getNotificationChannels() -> J
    void lambda$tvb7splU41KPJwJKUlrsZmE1R8U(com.plug.delivery.app.MainActivity,io.flutter.plugin.common.MethodCall,io.flutter.plugin.common.MethodChannel$Result) -> K
    void configureFlutterEngine(io.flutter.embedding.engine.FlutterEngine) -> v
...
androidx.core.text.TextUtilsCompat -> e.f.n.g:
    java.util.Locale ROOT -> a
    int getLayoutDirectionFromFirstChar(java.util.Locale) -> a
    int getLayoutDirectionFromLocale(java.util.Locale) -> b
androidx.core.util.Consumer -> e.f.o.a:
androidx.core.util.DebugUtils -> e.f.o.b:
    void buildShortClassTag(java.lang.Object,java.lang.StringBuilder) -> a
androidx.core.util.ObjectsCompat -> e.f.o.c:
    boolean equals(java.lang.Object,java.lang.Object) -> a
    int hash(java.lang.Object[]) -> b
    java.lang.Object requireNonNull(java.lang.Object,java.lang.String) -> c
androidx.core.util.Pools$Pool -> e.f.o.d:
    boolean release(java.lang.Object) -> a
    java.lang.Object acquire() -> b
androidx.core.util.Pools$SimplePool -> e.f.o.e:
    java.lang.Object[] mPool -> a
    int mPoolSize -> b
    boolean release(java.lang.Object) -> a
    java.lang.Object acquire() -> b
    boolean isInPool(java.lang.Object) -> c
androidx.core.util.Pools$SynchronizedPool -> e.f.o.f:
    java.lang.Object mLock -> c
    boolean release(java.lang.Object) -> a
    java.lang.Object acquire() -> b
androidx.core.util.Preconditions -> e.f.o.g:
    int checkArgumentInRange(int,int,int,java.lang.String) -> a
    int checkArgumentNonnegative(int) -> b
    int checkFlagsArgument(int,int) -> c
    java.lang.Object checkNotNull(java.lang.Object) -> d
    java.lang.Object checkNotNull(java.lang.Object,java.lang.Object) -> e
androidx.core.util.TimeUtils -> e.f.o.h:
    char[] sFormatStr -> b
    java.lang.Object sFormatSync -> a
    int accumField(int,int,boolean,int) -> a
    void formatDuration(long,long,java.io.PrintWriter) -> b
    void formatDuration(long,java.io.PrintWriter) -> c
    void formatDuration(long,java.io.PrintWriter,int) -> d
    int formatDurationLocked(long,int) -> e
    int printField(char[],int,char,int,boolean,int) -> f
androidx.core.view.-$$Lambda$ViewCompat$wxf3s7r4ODqhaNnVVlzx9IRcwjg -> e.f.p.a:
    androidx.core.view.-$$Lambda$ViewCompat$wxf3s7r4ODqhaNnVVlzx9IRcwjg INSTANCE -> g
    androidx.core.view.ContentInfoCompat onReceiveContent(androidx.core.view.ContentInfoCompat) -> a
androidx.core.view.-$$Lambda$qTe0NwPXctqJdOm6g-RIs26tsx8 -> e.f.p.b:
    androidx.core.view.ViewCompat$OnUnhandledKeyEventListenerCompat f$0 -> a
androidx.core.view.AccessibilityDelegateCompat -> e.f.p.c:
    android.view.View$AccessibilityDelegate mOriginalDelegate -> a
    android.view.View$AccessibilityDelegate mBridge -> b
    android.view.View$AccessibilityDelegate DEFAULT_DELEGATE -> c
    boolean dispatchPopulateAccessibilityEvent(android.view.View,android.view.accessibility.AccessibilityEvent) -> a
    androidx.core.view.accessibility.AccessibilityNodeProviderCompat getAccessibilityNodeProvider(android.view.View) -> b
    java.util.List getActionList(android.view.View) -> c
    android.view.View$AccessibilityDelegate getBridge() -> d
    boolean isSpanStillValid(android.text.style.ClickableSpan,android.view.View) -> e
    void onInitializeAccessibilityEvent(android.view.View,android.view.accessibility.AccessibilityEvent) -> f
    void onInitializeAccessibilityNodeInfo(android.view.View,androidx.core.view.accessibility.AccessibilityNodeInfoCompat) -> g
    void onPopulateAccessibilityEvent(android.view.View,android.view.accessibility.AccessibilityEvent) -> h
    boolean onRequestSendAccessibilityEvent(android.view.ViewGroup,android.view.View,android.view.accessibility.AccessibilityEvent) -> i
    boolean performAccessibilityAction(android.view.View,int,android.os.Bundle) -> j
    boolean performClickableSpanAction(int,android.view.View) -> k
    void sendAccessibilityEvent(android.view.View,int) -> l
    void sendAccessibilityEventUnchecked(android.view.View,android.view.accessibility.AccessibilityEvent) -> m
androidx.core.view.AccessibilityDelegateCompat$AccessibilityDelegateAdapter -> e.f.p.c$a:
    androidx.core.view.AccessibilityDelegateCompat mCompat -> a