CustomerApp/build/app/outputs/mapping/release/usage.txt
com.plug.delivery.app.R$style
com.plug.delivery.app.R$bool
com.plug.delivery.app.R$xml
com.plug.delivery.app.R$menu
com.plug.delivery.app.R$attr
com.plug.delivery.app.R$animator
com.plug.delivery.app.BuildConfig
com.plug.delivery.app.R$anim
com.plug.delivery.app.R$id
com.plug.delivery.app.R
com.plug.delivery.app.R$color
com.plug.delivery.app.R$dimen
com.plug.delivery.app.R$styleable
com.plug.delivery.app.R$interpolator
com.plug.delivery.app.R$drawable
com.plug.delivery.app.R$mipmap
com.plug.delivery.app.R$raw
com.plug.delivery.app.R$string
com.plug.delivery.app.R$layout
com.plug.delivery.app.R$integer
...
com.google.common.hash.LittleEndianByteArray$UnsafeByteArray$3
okhttp3.internal.http2.Http2Connection$Builder:
    public okhttp3.internal.http2.Http2Connection$Builder socket(java.net.Socket)
    public okhttp3.internal.http2.Http2Connection$Builder pushObserver(okhttp3.internal.http2.PushObserver)
androidx.fragment.app.FragmentContainerView:
    public void <init>(android.content.Context)
    public void <init>(android.content.Context,android.util.AttributeSet)
    public void <init>(android.content.Context,android.util.AttributeSet,int)
com.google.android.gms.common.internal.zak
com.google.common.escape.Escapers$1
com.google.common.collect.Interners$InternerBuilder
me.carda.awesome_notifications.R$drawable
androidx.webkit.internal.ScriptReferenceImpl
com.google.common.base.Predicates:
    private void <init>()
    public static com.google.common.base.Predicate alwaysTrue()
    public static com.google.common.base.Predicate alwaysFalse()
    public static com.google.common.base.Predicate notNull()
    public static com.google.common.base.Predicate and(java.lang.Iterable)
    public static varargs com.google.common.base.Predicate and(com.google.common.base.Predicate[])
    public static com.google.common.base.Predicate and(com.google.common.base.Predicate,com.google.common.base.Predicate)
    public static com.google.common.base.Predicate or(java.lang.Iterable)
    public static varargs com.google.common.base.Predicate or(com.google.common.base.Predicate[])
    public static com.google.common.base.Predicate or(com.google.common.base.Predicate,com.google.common.base.Predicate)
    public static com.google.common.base.Predicate instanceOf(java.lang.Class)
    public static com.google.common.base.Predicate subtypeOf(java.lang.Class)
    public static com.google.common.base.Predicate in(java.util.Collection)
    public static com.google.common.base.Predicate compose(com.google.common.base.Predicate,com.google.common.base.Function)
    public static com.google.common.base.Predicate containsPattern(java.lang.String)
    public static com.google.common.base.Predicate contains(java.util.regex.Pattern)
    private static java.lang.String toStringHelper(java.lang.String,java.lang.Iterable)
com.google.api.LogDescriptor$Builder
com.google.firebase.firestore.model.FieldIndex:
    public static final int UNKNOWN_ID
    public static final int INITIAL_LARGEST_BATCH_ID
    public static final int INITIAL_SEQUENCE_NUMBER
com.facebook.share.model.SharePhotoContent$1
com.bumptech.glide.provider.ResourceEncoderRegistry:
    public synchronized void prepend(java.lang.Class,com.bumptech.glide.load.ResourceEncoder)
com.google.common.collect.ForwardingCollection
com.google.common.util.concurrent.CycleDetectingLockFactory$CycleDetectingReentrantLock
kotlinx.coroutines.Delay
androidx.appcompat.app.AppCompatDelegateImpl$ActionBarDrawableToggleImpl:
    public android.graphics.drawable.Drawable getThemeUpIndicator()
    public android.content.Context getActionBarThemedContext()
    public boolean isNavigationVisible()
    public void setActionBarUpIndicator(android.graphics.drawable.Drawable,int)
    public void setActionBarDescription(int)
okhttp3.internal.cache.DiskLruCache$1
com.facebook.login.R$styleable
androidx.appcompat.widget.ShareActionProvider$ShareMenuItemOnMenuItemClickListener
io.flutter.plugins.googlemaps.R$attr
com.google.android.datatransport.runtime.dagger.internal.MapProviderFactory$Builder
androidx.customview.widget.FocusStrategy$SequentialComparator